{"timestamp":"2026-03-30T19:44:42.160Z","method":"GET","url":"/heeellloooo","statusCode":200,"durationMs":0}
{"timestamp":"2026-03-30T19:44:42.188Z","method":"GET","url":"/favicon.ico","statusCode":200,"durationMs":0}
{"timestamp":"2026-03-30T19:45:12.921Z","method":"GET","url":"/homepage","statusCode":200,"durationMs":0}
{"timestamp":"2026-03-30T19:45:12.946Z","method":"GET","url":"/favicon.ico","statusCode":200,"durationMs":1}
{"timestamp":"2026-03-30T22:12:27.118Z","method":"GET","url":"/homepage","statusCode":404,"durationMs":5}
{"timestamp":"2026-03-30T22:12:27.169Z","method":"GET","url":"/favicon.ico","statusCode":404,"durationMs":1}
{"timestamp":"2026-03-30T22:12:33.686Z","method":"GET","url":"/","statusCode":200,"durationMs":2}
{"timestamp":"2026-03-30T22:12:33.712Z","method":"GET","url":"/style.css","statusCode":404,"durationMs":0}
{"timestamp":"2026-03-30T22:12:54.433Z","method":"GET","url":"/","statusCode":200,"durationMs":2}
{"timestamp":"2026-03-30T22:12:54.463Z","method":"GET","url":"/style.css","statusCode":200,"durationMs":2}
{"timestamp":"2026-03-30T22:13:01.132Z","method":"GET","url":"/","statusCode":200,"durationMs":0}
{"timestamp":"2026-03-30T22:13:01.156Z","method":"GET","url":"/style.css","statusCode":200,"durationMs":1}
{"timestamp":"2026-03-30T22:13:01.935Z","method":"GET","url":"/about","statusCode":200,"durationMs":1}
{"timestamp":"2026-03-30T22:13:01.956Z","method":"GET","url":"/style.css","statusCode":200,"durationMs":1}
{"timestamp":"2026-03-30T22:13:02.781Z","method":"GET","url":"/","statusCode":200,"durationMs":1}
{"timestamp":"2026-03-30T22:13:02.805Z","method":"GET","url":"/style.css","statusCode":200,"durationMs":1}
{"timestamp":"2026-03-30T22:13:03.554Z","method":"GET","url":"/about","statusCode":200,"durationMs":1}
{"timestamp":"2026-03-30T22:13:03.577Z","method":"GET","url":"/style.css","statusCode":200,"durationMs":1}
{"timestamp":"2026-03-30T22:13:05.540Z","method":"GET","url":"/","statusCode":200,"durationMs":1}
{"timestamp":"2026-03-30T22:13:05.563Z","method":"GET","url":"/style.css","statusCode":200,"durationMs":1}
{"timestamp":"2026-03-30T22:13:06.674Z","method":"GET","url":"/about","statusCode":200,"durationMs":1}
{"timestamp":"2026-03-30T22:13:06.698Z","method":"GET","url":"/style.css","statusCode":200,"durationMs":1}
{"timestamp":"2026-03-30T22:13:07.662Z","method":"GET","url":"/","statusCode":200,"durationMs":1}
{"timestamp":"2026-03-30T22:13:07.684Z","method":"GET","url":"/style.css","statusCode":200,"durationMs":1}
{"timestamp":"2026-03-30T22:13:09.617Z","method":"GET","url":"/about","statusCode":200,"durationMs":1}
{"timestamp":"2026-03-30T22:13:09.641Z","method":"GET","url":"/style.css","statusCode":200,"durationMs":3}
{"timestamp":"2026-03-30T22:13:15.506Z","method":"GET","url":"/","statusCode":200,"durationMs":1}
{"timestamp":"2026-03-30T22:13:15.573Z","method":"GET","url":"/style.css","statusCode":200,"durationMs":44}
{"timestamp":"2026-03-30T22:13:18.198Z","method":"GET","url":"/about","statusCode":200,"durationMs":1}
{"timestamp":"2026-03-30T22:13:18.220Z","method":"GET","url":"/style.css","statusCode":200,"durationMs":1}
{"timestamp":"2026-03-30T22:13:45.117Z","method":"GET","url":"/","statusCode":200,"durationMs":1}
{"timestamp":"2026-03-30T22:13:45.140Z","method":"GET","url":"/style.css","statusCode":200,"durationMs":1}
{"timestamp":"2026-03-30T22:20:10.851Z","method":"GET","url":"/style","statusCode":404,"durationMs":1}
{"timestamp":"2026-03-30T22:20:15.547Z","method":"GET","url":"/style.css","statusCode":200,"durationMs":1}
{"timestamp":"2026-03-30T22:25:06.637Z","method":"GET","url":"/img.png","statusCode":200,"durationMs":1}
{"timestamp":"2026-03-30T22:26:58.108Z","method":"GET","url":"/","statusCode":200,"durationMs":0}
{"timestamp":"2026-03-30T22:26:58.146Z","method":"GET","url":"/style.css","statusCode":200,"durationMs":0}
{"timestamp":"2026-03-30T22:27:05.749Z","method":"GET","url":"/img.png","statusCode":200,"durationMs":1}
{"timestamp":"2026-03-30T22:27:50.027Z","method":"GET","url":"/","statusCode":200,"durationMs":1}
{"timestamp":"2026-03-30T22:27:50.050Z","method":"GET","url":"/style.css","statusCode":200,"durationMs":0}
